[1.442s] DEBUG:colcon:Command line arguments: ['/usr/bin/colcon', 'build']
[1.443s] DEBUG:colcon:Parsed command line arguments: Namespace(log_base=None, log_level=None, verb_name='build', build_base='build', install_base='install', merge_install=False, symlink_install=False, test_result_base=None, continue_on_error=False, executor='parallel', parallel_workers=4, event_handlers=None, ignore_user_meta=False, metas=['./colcon.meta'], base_paths=['.'], packages_ignore=None, packages_ignore_regex=None, paths=None, packages_up_to=None, packages_up_to_regex=None, packages_above=None, packages_above_and_dependencies=None, packages_above_depth=None, packages_select_by_dep=None, packages_skip_by_dep=None, packages_skip_up_to=None, packages_select_build_failed=False, packages_skip_build_finished=False, packages_select_test_failures=False, packages_skip_test_passed=False, packages_select=None, packages_skip=None, packages_select_regex=None, packages_skip_regex=None, packages_start=None, packages_end=None, allow_overriding=[], cmake_args=None, cmake_target=None, cmake_target_skip_unavailable=False, cmake_clean_cache=False, cmake_clean_first=False, cmake_force_configure=False, ament_cmake_args=None, catkin_cmake_args=None, catkin_skip_building_tests=False, verb_parser=<colcon_defaults.argument_parser.defaults.DefaultArgumentsDecorator object at 0xffffa28246d0>, verb_extension=<colcon_core.verb.build.BuildVerb object at 0xffffa2ff91b0>, main=<bound method BuildVerb.main of <colcon_core.verb.build.BuildVerb object at 0xffffa2ff91b0>>)
[1.582s] Level 1:colcon.colcon_core.package_discovery:discover_packages(colcon_meta) check parameters
[1.582s] Level 1:colcon.colcon_core.package_discovery:discover_packages(recursive) check parameters
[1.582s] Level 1:colcon.colcon_core.package_discovery:discover_packages(ignore) check parameters
[1.583s] Level 1:colcon.colcon_core.package_discovery:discover_packages(path) check parameters
[1.583s] Level 1:colcon.colcon_core.package_discovery:discover_packages(colcon_meta) discover
[1.583s] Level 1:colcon.colcon_core.package_discovery:discover_packages(recursive) discover
[1.583s] INFO:colcon.colcon_core.package_discovery:Crawling recursively for packages in '/home/hcappel1/ros2_ws/src/motor_control'
[1.584s] Level 1:colcon.colcon_core.package_identification:_identify(.) by extensions ['ignore', 'ignore_ament_install']
[1.584s] Level 1:colcon.colcon_core.package_identification:_identify(.) by extension 'ignore'
[1.584s] Level 1:colcon.colcon_core.package_identification:_identify(.) by extension 'ignore_ament_install'
[1.585s] Level 1:colcon.colcon_core.package_identification:_identify(.) by extensions ['colcon_pkg']
[1.585s] Level 1:colcon.colcon_core.package_identification:_identify(.) by extension 'colcon_pkg'
[1.585s] Level 1:colcon.colcon_core.package_identification:_identify(.) by extensions ['colcon_meta']
[1.585s] Level 1:colcon.colcon_core.package_identification:_identify(.) by extension 'colcon_meta'
[1.585s] Level 1:colcon.colcon_core.package_identification:_identify(.) by extensions ['ros']
[1.585s] Level 1:colcon.colcon_core.package_identification:_identify(.) by extension 'ros'
[1.649s] DEBUG:colcon.colcon_core.package_identification:Package '.' with type 'ros.ament_python' and name 'motor_control'
[1.649s] Level 1:colcon.colcon_core.package_discovery:discover_packages(recursive) using defaults
[1.649s] Level 1:colcon.colcon_core.package_discovery:discover_packages(ignore) discover
[1.649s] Level 1:colcon.colcon_core.package_discovery:discover_packages(ignore) using defaults
[1.650s] Level 1:colcon.colcon_core.package_discovery:discover_packages(path) discover
[1.650s] Level 1:colcon.colcon_core.package_discovery:discover_packages(path) using defaults
[1.745s] Level 1:colcon.colcon_core.package_discovery:discover_packages(prefix_path) check parameters
[1.745s] Level 1:colcon.colcon_core.package_discovery:discover_packages(prefix_path) discover
[1.759s] DEBUG:colcon.colcon_installed_package_information.package_discovery:Found 1 installed packages in /home/hcappel1/ros2_ws/src/motor_control/install
[1.763s] DEBUG:colcon.colcon_installed_package_information.package_discovery:Found 1 installed packages in /home/hcappel1/ros2_ws/install
[1.774s] DEBUG:colcon.colcon_installed_package_information.package_discovery:Found 270 installed packages in /opt/ros/humble
[1.781s] Level 1:colcon.colcon_core.package_discovery:discover_packages(prefix_path) using defaults
[2.050s] Level 5:colcon.colcon_core.verb:set package 'motor_control' build argument 'cmake_args' from command line to 'None'
[2.050s] Level 5:colcon.colcon_core.verb:set package 'motor_control' build argument 'cmake_target' from command line to 'None'
[2.051s] Level 5:colcon.colcon_core.verb:set package 'motor_control' build argument 'cmake_target_skip_unavailable' from command line to 'False'
[2.051s] Level 5:colcon.colcon_core.verb:set package 'motor_control' build argument 'cmake_clean_cache' from command line to 'False'
[2.051s] Level 5:colcon.colcon_core.verb:set package 'motor_control' build argument 'cmake_clean_first' from command line to 'False'
[2.051s] Level 5:colcon.colcon_core.verb:set package 'motor_control' build argument 'cmake_force_configure' from command line to 'False'
[2.051s] Level 5:colcon.colcon_core.verb:set package 'motor_control' build argument 'ament_cmake_args' from command line to 'None'
[2.051s] Level 5:colcon.colcon_core.verb:set package 'motor_control' build argument 'catkin_cmake_args' from command line to 'None'
[2.051s] Level 5:colcon.colcon_core.verb:set package 'motor_control' build argument 'catkin_skip_building_tests' from command line to 'False'
[2.051s] DEBUG:colcon.colcon_core.verb:Building package 'motor_control' with the following arguments: {'ament_cmake_args': None, 'build_base': '/home/hcappel1/ros2_ws/src/motor_control/build/motor_control', 'catkin_cmake_args': None, 'catkin_skip_building_tests': False, 'cmake_args': None, 'cmake_clean_cache': False, 'cmake_clean_first': False, 'cmake_force_configure': False, 'cmake_target': None, 'cmake_target_skip_unavailable': False, 'install_base': '/home/hcappel1/ros2_ws/src/motor_control/install/motor_control', 'merge_install': False, 'path': '/home/hcappel1/ros2_ws/src/motor_control', 'symlink_install': False, 'test_result_base': None}
[2.054s] INFO:colcon.colcon_core.executor:Executing jobs using 'parallel' executor
[2.067s] DEBUG:colcon.colcon_parallel_executor.executor.parallel:run_until_complete
[2.068s] INFO:colcon.colcon_ros.task.ament_python.build:Building ROS package in '/home/hcappel1/ros2_ws/src/motor_control' with build type 'ament_python'
[2.068s] Level 1:colcon.colcon_core.shell:create_environment_hook('motor_control', 'ament_prefix_path')
[2.087s] INFO:colcon.colcon_core.plugin_system:Skipping extension 'colcon_core.shell.bat': Not used on non-Windows systems
[2.088s] INFO:colcon.colcon_core.shell:Creating environment hook '/home/hcappel1/ros2_ws/src/motor_control/install/motor_control/share/motor_control/hook/ament_prefix_path.ps1'
[2.091s] INFO:colcon.colcon_core.shell:Creating environment descriptor '/home/hcappel1/ros2_ws/src/motor_control/install/motor_control/share/motor_control/hook/ament_prefix_path.dsv'
[2.093s] INFO:colcon.colcon_core.shell:Creating environment hook '/home/hcappel1/ros2_ws/src/motor_control/install/motor_control/share/motor_control/hook/ament_prefix_path.sh'
[2.102s] INFO:colcon.colcon_core.shell:Skip shell extension 'powershell' for command environment: Not usable outside of PowerShell
[2.102s] DEBUG:colcon.colcon_core.shell:Skip shell extension 'dsv' for command environment
[3.701s] INFO:colcon.colcon_core.task.python.build:Building Python package in '/home/hcappel1/ros2_ws/src/motor_control'
[3.707s] INFO:colcon.colcon_core.shell:Skip shell extension 'powershell' for command environment: Not usable outside of PowerShell
[3.707s] DEBUG:colcon.colcon_core.shell:Skip shell extension 'dsv' for command environment
[5.687s] DEBUG:colcon.colcon_core.event_handler.log_command:Invoking command in '/home/hcappel1/ros2_ws/src/motor_control': PYTHONPATH=/home/hcappel1/ros2_ws/src/motor_control/build/motor_control/prefix_override:/home/hcappel1/ros2_ws/src/motor_control/install/motor_control/lib/python3.10/site-packages:${PYTHONPATH} /usr/bin/python3 setup.py egg_info --egg-base build/motor_control build --build-base /home/hcappel1/ros2_ws/src/motor_control/build/motor_control/build install --record /home/hcappel1/ros2_ws/src/motor_control/build/motor_control/install.log --single-version-externally-managed
[7.192s] DEBUG:colcon.colcon_core.event_handler.log_command:Invoked command in '/home/hcappel1/ros2_ws/src/motor_control' returned '0': PYTHONPATH=/home/hcappel1/ros2_ws/src/motor_control/build/motor_control/prefix_override:/home/hcappel1/ros2_ws/src/motor_control/install/motor_control/lib/python3.10/site-packages:${PYTHONPATH} /usr/bin/python3 setup.py egg_info --egg-base build/motor_control build --build-base /home/hcappel1/ros2_ws/src/motor_control/build/motor_control/build install --record /home/hcappel1/ros2_ws/src/motor_control/build/motor_control/install.log --single-version-externally-managed
[7.216s] Level 1:colcon.colcon_core.environment:checking '/home/hcappel1/ros2_ws/src/motor_control/install/motor_control' for CMake module files
[7.219s] Level 1:colcon.colcon_core.environment:checking '/home/hcappel1/ros2_ws/src/motor_control/install/motor_control' for CMake config files
[7.225s] Level 1:colcon.colcon_core.environment:checking '/home/hcappel1/ros2_ws/src/motor_control/install/motor_control/lib'
[7.226s] Level 1:colcon.colcon_core.environment:checking '/home/hcappel1/ros2_ws/src/motor_control/install/motor_control/bin'
[7.227s] Level 1:colcon.colcon_core.environment:checking '/home/hcappel1/ros2_ws/src/motor_control/install/motor_control/lib/pkgconfig/motor_control.pc'
[7.228s] Level 1:colcon.colcon_core.environment:checking '/home/hcappel1/ros2_ws/src/motor_control/install/motor_control/lib/python3.10/site-packages'
[7.228s] Level 1:colcon.colcon_core.shell:create_environment_hook('motor_control', 'pythonpath')
[7.233s] INFO:colcon.colcon_core.shell:Creating environment hook '/home/hcappel1/ros2_ws/src/motor_control/install/motor_control/share/motor_control/hook/pythonpath.ps1'
[7.236s] INFO:colcon.colcon_core.shell:Creating environment descriptor '/home/hcappel1/ros2_ws/src/motor_control/install/motor_control/share/motor_control/hook/pythonpath.dsv'
[7.238s] INFO:colcon.colcon_core.shell:Creating environment hook '/home/hcappel1/ros2_ws/src/motor_control/install/motor_control/share/motor_control/hook/pythonpath.sh'
[7.243s] Level 1:colcon.colcon_core.environment:checking '/home/hcappel1/ros2_ws/src/motor_control/install/motor_control/bin'
[7.244s] Level 1:colcon.colcon_core.environment:create_environment_scripts_only(motor_control)
[7.251s] INFO:colcon.colcon_core.shell:Creating package script '/home/hcappel1/ros2_ws/src/motor_control/install/motor_control/share/motor_control/package.ps1'
[7.255s] INFO:colcon.colcon_core.shell:Creating package descriptor '/home/hcappel1/ros2_ws/src/motor_control/install/motor_control/share/motor_control/package.dsv'
[7.259s] INFO:colcon.colcon_core.shell:Creating package script '/home/hcappel1/ros2_ws/src/motor_control/install/motor_control/share/motor_control/package.sh'
[7.263s] INFO:colcon.colcon_core.shell:Creating package script '/home/hcappel1/ros2_ws/src/motor_control/install/motor_control/share/motor_control/package.bash'
[7.266s] INFO:colcon.colcon_core.shell:Creating package script '/home/hcappel1/ros2_ws/src/motor_control/install/motor_control/share/motor_control/package.zsh'
[7.269s] Level 1:colcon.colcon_core.environment:create_file_with_runtime_dependencies(/home/hcappel1/ros2_ws/src/motor_control/install/motor_control/share/colcon-core/packages/motor_control)
[7.271s] DEBUG:colcon.colcon_parallel_executor.executor.parallel:closing loop
[7.272s] DEBUG:colcon.colcon_parallel_executor.executor.parallel:loop closed
[7.273s] DEBUG:colcon.colcon_parallel_executor.executor.parallel:run_until_complete finished with '0'
[7.273s] DEBUG:colcon.colcon_core.event_reactor:joining thread
[7.298s] INFO:colcon.colcon_core.plugin_system:Skipping extension 'colcon_notification.desktop_notification.terminal_notifier': Not used on non-Darwin systems
[7.298s] INFO:colcon.colcon_core.plugin_system:Skipping extension 'colcon_notification.desktop_notification.win32': Not used on non-Windows systems
[7.299s] INFO:colcon.colcon_notification.desktop_notification:Sending desktop notification using 'notify2'
[7.359s] DEBUG:colcon.colcon_core.event_reactor:joined thread
[7.366s] INFO:colcon.colcon_core.shell:Creating prefix script '/home/hcappel1/ros2_ws/src/motor_control/install/local_setup.ps1'
[7.370s] INFO:colcon.colcon_core.shell:Creating prefix util module '/home/hcappel1/ros2_ws/src/motor_control/install/_local_setup_util_ps1.py'
[7.376s] INFO:colcon.colcon_core.shell:Creating prefix chain script '/home/hcappel1/ros2_ws/src/motor_control/install/setup.ps1'
[7.383s] INFO:colcon.colcon_core.shell:Creating prefix script '/home/hcappel1/ros2_ws/src/motor_control/install/local_setup.sh'
[7.385s] INFO:colcon.colcon_core.shell:Creating prefix util module '/home/hcappel1/ros2_ws/src/motor_control/install/_local_setup_util_sh.py'
[7.388s] INFO:colcon.colcon_core.shell:Creating prefix chain script '/home/hcappel1/ros2_ws/src/motor_control/install/setup.sh'
[7.396s] INFO:colcon.colcon_core.shell:Creating prefix script '/home/hcappel1/ros2_ws/src/motor_control/install/local_setup.bash'
[7.399s] INFO:colcon.colcon_core.shell:Creating prefix chain script '/home/hcappel1/ros2_ws/src/motor_control/install/setup.bash'
[7.407s] INFO:colcon.colcon_core.shell:Creating prefix script '/home/hcappel1/ros2_ws/src/motor_control/install/local_setup.zsh'
[7.411s] INFO:colcon.colcon_core.shell:Creating prefix chain script '/home/hcappel1/ros2_ws/src/motor_control/install/setup.zsh'
