/home/hcappel1/ros2_ws/src/motor_control/install/motor_control/lib/python3.10/site-packages/motor_control/wheel_omega.py
/home/hcappel1/ros2_ws/src/motor_control/install/motor_control/lib/python3.10/site-packages/motor_control/pid_omega.py
/home/hcappel1/ros2_ws/src/motor_control/install/motor_control/lib/python3.10/site-packages/motor_control/__init__.py
/home/hcappel1/ros2_ws/src/motor_control/install/motor_control/lib/python3.10/site-packages/motor_control/encoder_data.py
/home/hcappel1/ros2_ws/src/motor_control/install/motor_control/lib/python3.10/site-packages/motor_control/encoder_count.py
/home/hcappel1/ros2_ws/src/motor_control/install/motor_control/lib/python3.10/site-packages/motor_control/__pycache__/wheel_omega.cpython-310.pyc
/home/hcappel1/ros2_ws/src/motor_control/install/motor_control/lib/python3.10/site-packages/motor_control/__pycache__/pid_omega.cpython-310.pyc
/home/hcappel1/ros2_ws/src/motor_control/install/motor_control/lib/python3.10/site-packages/motor_control/__pycache__/__init__.cpython-310.pyc
/home/hcappel1/ros2_ws/src/motor_control/install/motor_control/lib/python3.10/site-packages/motor_control/__pycache__/encoder_data.cpython-310.pyc
/home/hcappel1/ros2_ws/src/motor_control/install/motor_control/lib/python3.10/site-packages/motor_control/__pycache__/encoder_count.cpython-310.pyc
/home/hcappel1/ros2_ws/src/motor_control/install/motor_control/share/ament_index/resource_index/packages/motor_control
/home/hcappel1/ros2_ws/src/motor_control/install/motor_control/share/motor_control/package.xml
/home/hcappel1/ros2_ws/src/motor_control/install/motor_control/share/motor_control/motor_control.launch.py
/home/hcappel1/ros2_ws/src/motor_control/install/motor_control/lib/python3.10/site-packages/motor_control-0.0.0-py3.10.egg-info/SOURCES.txt
/home/hcappel1/ros2_ws/src/motor_control/install/motor_control/lib/python3.10/site-packages/motor_control-0.0.0-py3.10.egg-info/entry_points.txt
/home/hcappel1/ros2_ws/src/motor_control/install/motor_control/lib/python3.10/site-packages/motor_control-0.0.0-py3.10.egg-info/zip-safe
/home/hcappel1/ros2_ws/src/motor_control/install/motor_control/lib/python3.10/site-packages/motor_control-0.0.0-py3.10.egg-info/PKG-INFO
/home/hcappel1/ros2_ws/src/motor_control/install/motor_control/lib/python3.10/site-packages/motor_control-0.0.0-py3.10.egg-info/dependency_links.txt
/home/hcappel1/ros2_ws/src/motor_control/install/motor_control/lib/python3.10/site-packages/motor_control-0.0.0-py3.10.egg-info/requires.txt
/home/hcappel1/ros2_ws/src/motor_control/install/motor_control/lib/python3.10/site-packages/motor_control-0.0.0-py3.10.egg-info/top_level.txt
/home/hcappel1/ros2_ws/src/motor_control/install/motor_control/lib/motor_control/encoder_count_node
/home/hcappel1/ros2_ws/src/motor_control/install/motor_control/lib/motor_control/encoder_data_node
/home/hcappel1/ros2_ws/src/motor_control/install/motor_control/lib/motor_control/pid_omega_node
/home/hcappel1/ros2_ws/src/motor_control/install/motor_control/lib/motor_control/wheel_omega_node
