[1.414s] DEBUG:colcon:Command line arguments: ['/usr/bin/colcon', 'build']
[1.415s] DEBUG:colcon:Parsed command line arguments: Namespace(log_base=None, log_level=None, verb_name='build', build_base='build', install_base='install', merge_install=False, symlink_install=False, test_result_base=None, continue_on_error=False, executor='parallel', parallel_workers=4, event_handlers=None, ignore_user_meta=False, metas=['./colcon.meta'], base_paths=['.'], packages_ignore=None, packages_ignore_regex=None, paths=None, packages_up_to=None, packages_up_to_regex=None, packages_above=None, packages_above_and_dependencies=None, packages_above_depth=None, packages_select_by_dep=None, packages_skip_by_dep=None, packages_skip_up_to=None, packages_select_build_failed=False, packages_skip_build_finished=False, packages_select_test_failures=False, packages_skip_test_passed=False, packages_select=None, packages_skip=None, packages_select_regex=None, packages_skip_regex=None, packages_start=None, packages_end=None, allow_overriding=[], cmake_args=None, cmake_target=None, cmake_target_skip_unavailable=False, cmake_clean_cache=False, cmake_clean_first=False, cmake_force_configure=False, ament_cmake_args=None, catkin_cmake_args=None, catkin_skip_building_tests=False, verb_parser=<colcon_defaults.argument_parser.defaults.DefaultArgumentsDecorator object at 0xffffaa284550>, verb_extension=<colcon_core.verb.build.BuildVerb object at 0xffffaaa65d50>, main=<bound method BuildVerb.main of <colcon_core.verb.build.BuildVerb object at 0xffffaaa65d50>>)
[1.564s] Level 1:colcon.colcon_core.package_discovery:discover_packages(colcon_meta) check parameters
[1.565s] Level 1:colcon.colcon_core.package_discovery:discover_packages(recursive) check parameters
[1.565s] Level 1:colcon.colcon_core.package_discovery:discover_packages(ignore) check parameters
[1.565s] Level 1:colcon.colcon_core.package_discovery:discover_packages(path) check parameters
[1.565s] Level 1:colcon.colcon_core.package_discovery:discover_packages(colcon_meta) discover
[1.565s] Level 1:colcon.colcon_core.package_discovery:discover_packages(recursive) discover
[1.566s] INFO:colcon.colcon_core.package_discovery:Crawling recursively for packages in '/home/hcappel1/ros2_ws/src/motor_control'
[1.566s] Level 1:colcon.colcon_core.package_identification:_identify(.) by extensions ['ignore', 'ignore_ament_install']
[1.567s] Level 1:colcon.colcon_core.package_identification:_identify(.) by extension 'ignore'
[1.567s] Level 1:colcon.colcon_core.package_identification:_identify(.) by extension 'ignore_ament_install'
[1.567s] Level 1:colcon.colcon_core.package_identification:_identify(.) by extensions ['colcon_pkg']
[1.568s] Level 1:colcon.colcon_core.package_identification:_identify(.) by extension 'colcon_pkg'
[1.568s] Level 1:colcon.colcon_core.package_identification:_identify(.) by extensions ['colcon_meta']
[1.568s] Level 1:colcon.colcon_core.package_identification:_identify(.) by extension 'colcon_meta'
[1.568s] Level 1:colcon.colcon_core.package_identification:_identify(.) by extensions ['ros']
[1.568s] Level 1:colcon.colcon_core.package_identification:_identify(.) by extension 'ros'
[1.634s] DEBUG:colcon.colcon_core.package_identification:Package '.' with type 'ros.ament_python' and name 'motor_control'
[1.634s] Level 1:colcon.colcon_core.package_discovery:discover_packages(recursive) using defaults
[1.634s] Level 1:colcon.colcon_core.package_discovery:discover_packages(ignore) discover
[1.634s] Level 1:colcon.colcon_core.package_discovery:discover_packages(ignore) using defaults
[1.634s] Level 1:colcon.colcon_core.package_discovery:discover_packages(path) discover
[1.634s] Level 1:colcon.colcon_core.package_discovery:discover_packages(path) using defaults
[1.729s] Level 1:colcon.colcon_core.package_discovery:discover_packages(prefix_path) check parameters
[1.729s] Level 1:colcon.colcon_core.package_discovery:discover_packages(prefix_path) discover
[1.741s] DEBUG:colcon.colcon_installed_package_information.package_discovery:Found 1 installed packages in /home/hcappel1/ros2_ws/install
[1.752s] DEBUG:colcon.colcon_installed_package_information.package_discovery:Found 270 installed packages in /opt/ros/humble
[1.759s] Level 1:colcon.colcon_core.package_discovery:discover_packages(prefix_path) using defaults
[2.022s] Level 5:colcon.colcon_core.verb:set package 'motor_control' build argument 'cmake_args' from command line to 'None'
[2.023s] Level 5:colcon.colcon_core.verb:set package 'motor_control' build argument 'cmake_target' from command line to 'None'
[2.023s] Level 5:colcon.colcon_core.verb:set package 'motor_control' build argument 'cmake_target_skip_unavailable' from command line to 'False'
[2.023s] Level 5:colcon.colcon_core.verb:set package 'motor_control' build argument 'cmake_clean_cache' from command line to 'False'
[2.023s] Level 5:colcon.colcon_core.verb:set package 'motor_control' build argument 'cmake_clean_first' from command line to 'False'
[2.023s] Level 5:colcon.colcon_core.verb:set package 'motor_control' build argument 'cmake_force_configure' from command line to 'False'
[2.023s] Level 5:colcon.colcon_core.verb:set package 'motor_control' build argument 'ament_cmake_args' from command line to 'None'
[2.023s] Level 5:colcon.colcon_core.verb:set package 'motor_control' build argument 'catkin_cmake_args' from command line to 'None'
[2.024s] Level 5:colcon.colcon_core.verb:set package 'motor_control' build argument 'catkin_skip_building_tests' from command line to 'False'
[2.024s] DEBUG:colcon.colcon_core.verb:Building package 'motor_control' with the following arguments: {'ament_cmake_args': None, 'build_base': '/home/hcappel1/ros2_ws/src/motor_control/build/motor_control', 'catkin_cmake_args': None, 'catkin_skip_building_tests': False, 'cmake_args': None, 'cmake_clean_cache': False, 'cmake_clean_first': False, 'cmake_force_configure': False, 'cmake_target': None, 'cmake_target_skip_unavailable': False, 'install_base': '/home/hcappel1/ros2_ws/src/motor_control/install/motor_control', 'merge_install': False, 'path': '/home/hcappel1/ros2_ws/src/motor_control', 'symlink_install': False, 'test_result_base': None}
[2.027s] INFO:colcon.colcon_core.executor:Executing jobs using 'parallel' executor
[2.039s] DEBUG:colcon.colcon_parallel_executor.executor.parallel:run_until_complete
[2.040s] INFO:colcon.colcon_ros.task.ament_python.build:Building ROS package in '/home/hcappel1/ros2_ws/src/motor_control' with build type 'ament_python'
[2.040s] Level 1:colcon.colcon_core.shell:create_environment_hook('motor_control', 'ament_prefix_path')
[2.059s] INFO:colcon.colcon_core.plugin_system:Skipping extension 'colcon_core.shell.bat': Not used on non-Windows systems
[2.060s] INFO:colcon.colcon_core.shell:Creating environment hook '/home/hcappel1/ros2_ws/src/motor_control/install/motor_control/share/motor_control/hook/ament_prefix_path.ps1'
[2.063s] INFO:colcon.colcon_core.shell:Creating environment descriptor '/home/hcappel1/ros2_ws/src/motor_control/install/motor_control/share/motor_control/hook/ament_prefix_path.dsv'
[2.065s] INFO:colcon.colcon_core.shell:Creating environment hook '/home/hcappel1/ros2_ws/src/motor_control/install/motor_control/share/motor_control/hook/ament_prefix_path.sh'
[2.073s] INFO:colcon.colcon_core.shell:Skip shell extension 'powershell' for command environment: Not usable outside of PowerShell
[2.073s] DEBUG:colcon.colcon_core.shell:Skip shell extension 'dsv' for command environment
[3.703s] INFO:colcon.colcon_core.task.python.build:Building Python package in '/home/hcappel1/ros2_ws/src/motor_control'
[3.708s] INFO:colcon.colcon_core.shell:Skip shell extension 'powershell' for command environment: Not usable outside of PowerShell
[3.708s] DEBUG:colcon.colcon_core.shell:Skip shell extension 'dsv' for command environment
[5.624s] DEBUG:colcon.colcon_core.event_handler.log_command:Invoking command in '/home/hcappel1/ros2_ws/src/motor_control': PYTHONPATH=/home/hcappel1/ros2_ws/src/motor_control/build/motor_control/prefix_override:/home/hcappel1/ros2_ws/src/motor_control/install/motor_control/lib/python3.10/site-packages:${PYTHONPATH} /usr/bin/python3 setup.py egg_info --egg-base build/motor_control build --build-base /home/hcappel1/ros2_ws/src/motor_control/build/motor_control/build install --record /home/hcappel1/ros2_ws/src/motor_control/build/motor_control/install.log --single-version-externally-managed
[7.207s] DEBUG:colcon.colcon_core.event_handler.log_command:Invoked command in '/home/hcappel1/ros2_ws/src/motor_control' returned '0': PYTHONPATH=/home/hcappel1/ros2_ws/src/motor_control/build/motor_control/prefix_override:/home/hcappel1/ros2_ws/src/motor_control/install/motor_control/lib/python3.10/site-packages:${PYTHONPATH} /usr/bin/python3 setup.py egg_info --egg-base build/motor_control build --build-base /home/hcappel1/ros2_ws/src/motor_control/build/motor_control/build install --record /home/hcappel1/ros2_ws/src/motor_control/build/motor_control/install.log --single-version-externally-managed
[7.227s] Level 1:colcon.colcon_core.environment:checking '/home/hcappel1/ros2_ws/src/motor_control/install/motor_control' for CMake module files
[7.230s] Level 1:colcon.colcon_core.environment:checking '/home/hcappel1/ros2_ws/src/motor_control/install/motor_control' for CMake config files
[7.234s] Level 1:colcon.colcon_core.environment:checking '/home/hcappel1/ros2_ws/src/motor_control/install/motor_control/lib'
[7.236s] Level 1:colcon.colcon_core.environment:checking '/home/hcappel1/ros2_ws/src/motor_control/install/motor_control/bin'
[7.236s] Level 1:colcon.colcon_core.environment:checking '/home/hcappel1/ros2_ws/src/motor_control/install/motor_control/lib/pkgconfig/motor_control.pc'
[7.237s] Level 1:colcon.colcon_core.environment:checking '/home/hcappel1/ros2_ws/src/motor_control/install/motor_control/lib/python3.10/site-packages'
[7.238s] Level 1:colcon.colcon_core.shell:create_environment_hook('motor_control', 'pythonpath')
[7.244s] INFO:colcon.colcon_core.shell:Creating environment hook '/home/hcappel1/ros2_ws/src/motor_control/install/motor_control/share/motor_control/hook/pythonpath.ps1'
[7.247s] INFO:colcon.colcon_core.shell:Creating environment descriptor '/home/hcappel1/ros2_ws/src/motor_control/install/motor_control/share/motor_control/hook/pythonpath.dsv'
[7.249s] INFO:colcon.colcon_core.shell:Creating environment hook '/home/hcappel1/ros2_ws/src/motor_control/install/motor_control/share/motor_control/hook/pythonpath.sh'
[7.252s] Level 1:colcon.colcon_core.environment:checking '/home/hcappel1/ros2_ws/src/motor_control/install/motor_control/bin'
[7.252s] Level 1:colcon.colcon_core.environment:create_environment_scripts_only(motor_control)
[7.258s] INFO:colcon.colcon_core.shell:Creating package script '/home/hcappel1/ros2_ws/src/motor_control/install/motor_control/share/motor_control/package.ps1'
[7.263s] INFO:colcon.colcon_core.shell:Creating package descriptor '/home/hcappel1/ros2_ws/src/motor_control/install/motor_control/share/motor_control/package.dsv'
[7.266s] INFO:colcon.colcon_core.shell:Creating package script '/home/hcappel1/ros2_ws/src/motor_control/install/motor_control/share/motor_control/package.sh'
[7.270s] INFO:colcon.colcon_core.shell:Creating package script '/home/hcappel1/ros2_ws/src/motor_control/install/motor_control/share/motor_control/package.bash'
[7.273s] INFO:colcon.colcon_core.shell:Creating package script '/home/hcappel1/ros2_ws/src/motor_control/install/motor_control/share/motor_control/package.zsh'
[7.277s] Level 1:colcon.colcon_core.environment:create_file_with_runtime_dependencies(/home/hcappel1/ros2_ws/src/motor_control/install/motor_control/share/colcon-core/packages/motor_control)
[7.280s] DEBUG:colcon.colcon_parallel_executor.executor.parallel:closing loop
[7.281s] DEBUG:colcon.colcon_parallel_executor.executor.parallel:loop closed
[7.282s] DEBUG:colcon.colcon_parallel_executor.executor.parallel:run_until_complete finished with '0'
[7.282s] DEBUG:colcon.colcon_core.event_reactor:joining thread
[7.330s] INFO:colcon.colcon_core.plugin_system:Skipping extension 'colcon_notification.desktop_notification.terminal_notifier': Not used on non-Darwin systems
[7.332s] INFO:colcon.colcon_core.plugin_system:Skipping extension 'colcon_notification.desktop_notification.win32': Not used on non-Windows systems
[7.333s] INFO:colcon.colcon_notification.desktop_notification:Sending desktop notification using 'notify2'
[7.406s] DEBUG:colcon.colcon_core.event_reactor:joined thread
[7.413s] INFO:colcon.colcon_core.shell:Creating prefix script '/home/hcappel1/ros2_ws/src/motor_control/install/local_setup.ps1'
[7.417s] INFO:colcon.colcon_core.shell:Creating prefix util module '/home/hcappel1/ros2_ws/src/motor_control/install/_local_setup_util_ps1.py'
[7.423s] INFO:colcon.colcon_core.shell:Creating prefix chain script '/home/hcappel1/ros2_ws/src/motor_control/install/setup.ps1'
[7.430s] INFO:colcon.colcon_core.shell:Creating prefix script '/home/hcappel1/ros2_ws/src/motor_control/install/local_setup.sh'
[7.434s] INFO:colcon.colcon_core.shell:Creating prefix util module '/home/hcappel1/ros2_ws/src/motor_control/install/_local_setup_util_sh.py'
[7.439s] INFO:colcon.colcon_core.shell:Creating prefix chain script '/home/hcappel1/ros2_ws/src/motor_control/install/setup.sh'
[7.448s] INFO:colcon.colcon_core.shell:Creating prefix script '/home/hcappel1/ros2_ws/src/motor_control/install/local_setup.bash'
[7.451s] INFO:colcon.colcon_core.shell:Creating prefix chain script '/home/hcappel1/ros2_ws/src/motor_control/install/setup.bash'
[7.459s] INFO:colcon.colcon_core.shell:Creating prefix script '/home/hcappel1/ros2_ws/src/motor_control/install/local_setup.zsh'
[7.462s] INFO:colcon.colcon_core.shell:Creating prefix chain script '/home/hcappel1/ros2_ws/src/motor_control/install/setup.zsh'
